<?xml version="1.0" encoding="UTF-8"?>
<!-- Generated by org.testng.reporters.JUnitReportReporter -->
<testsuite skipped="0" hostname="VELU-PC" name="com.calendar.demo.CalendarDemo" tests="1" failures="0" timestamp="22 Apr 2018 15:00:23 GMT" time="35.155" errors="0">
  <testcase name="gotoDatePickerPage" time="35.155" classname="com.calendar.demo.CalendarDemo"/>
</testsuite> <!-- com.calendar.demo.CalendarDemo -->
