<?xml version="1.0" encoding="UTF-8"?>
<!-- Generated by org.testng.reporters.JUnitReportReporter -->
<testsuite skipped="0" hostname="VELU-PC" name="com.test.LoginTest" tests="1" failures="0" timestamp="25 Mar 2018 03:39:30 GMT" time="34.049" errors="0">
  <testcase name="UserLogin" time="34.049" classname="com.test.LoginTest"/>
</testsuite> <!-- com.test.LoginTest -->
